  main.cpp
  ofApp.cpp
C:\Users\jacki\Documents\of\of_v0.12.0_vs_release\libs\openFrameworks\math\ofMatrix4x4.h(326,20): warning C4267: 'argument': conversion from 'size_t' to 'int', possible loss of data
  (compiling source file 'src/ofApp.cpp')
  
C:\Users\jacki\Documents\of\of_v0.12.0_vs_release\libs\openFrameworks\math\ofMatrix4x4.h(331,20): warning C4267: 'argument': conversion from 'size_t' to 'int', possible loss of data
  (compiling source file 'src/ofApp.cpp')
  
C:\Users\jacki\Documents\of\of_v0.12.0_vs_release\libs\openFrameworks\math\ofMatrix4x4.h(912,11): warning C4267: 'argument': conversion from 'size_t' to 'int', possible loss of data
  (compiling source file 'src/ofApp.cpp')
  
C:\Users\jacki\Documents\of\of_v0.12.0_vs_release\libs\openFrameworks\math\ofMatrix4x4.h(913,11): warning C4267: 'argument': conversion from 'size_t' to 'int', possible loss of data
  (compiling source file 'src/ofApp.cpp')
  
C:\Users\jacki\Documents\of\of_v0.12.0_vs_release\libs\openFrameworks\math\ofMatrix4x4.h(914,11): warning C4267: 'argument': conversion from 'size_t' to 'int', possible loss of data
  (compiling source file 'src/ofApp.cpp')
  
C:\Users\jacki\Documents\of\of_v0.12.0_vs_release\libs\openFrameworks\math\ofMatrix4x4.h(915,11): warning C4267: 'argument': conversion from 'size_t' to 'int', possible loss of data
  (compiling source file 'src/ofApp.cpp')
  
C:\Users\jacki\Documents\of\of_v0.12.0_vs_release\libs\openFrameworks\math\ofMatrix4x4.h(326,20): warning C4267: 'argument': conversion from 'size_t' to 'int', possible loss of data
  (compiling source file 'src/main.cpp')
  
C:\Users\jacki\Documents\of\of_v0.12.0_vs_release\libs\openFrameworks\math\ofMatrix4x4.h(331,20): warning C4267: 'argument': conversion from 'size_t' to 'int', possible loss of data
  (compiling source file 'src/main.cpp')
  
C:\Users\jacki\Documents\of\of_v0.12.0_vs_release\libs\openFrameworks\math\ofMatrix4x4.h(912,11): warning C4267: 'argument': conversion from 'size_t' to 'int', possible loss of data
  (compiling source file 'src/main.cpp')
  
C:\Users\jacki\Documents\of\of_v0.12.0_vs_release\libs\openFrameworks\math\ofMatrix4x4.h(913,11): warning C4267: 'argument': conversion from 'size_t' to 'int', possible loss of data
  (compiling source file 'src/main.cpp')
  
C:\Users\jacki\Documents\of\of_v0.12.0_vs_release\libs\openFrameworks\math\ofMatrix4x4.h(914,11): warning C4267: 'argument': conversion from 'size_t' to 'int', possible loss of data
  (compiling source file 'src/main.cpp')
  
C:\Users\jacki\Documents\of\of_v0.12.0_vs_release\libs\openFrameworks\math\ofMatrix4x4.h(915,11): warning C4267: 'argument': conversion from 'size_t' to 'int', possible loss of data
  (compiling source file 'src/main.cpp')
  
LINK : warning LNK4075: ignoring '/INCREMENTAL' due to '/FORCE' specification
  general_low_res.vcxproj -> C:\Users\jacki\Documents\GitHub\hydrology-tectonics.js\open_frameworks_mars_sims\general_low_res\general_low_res\bin\general_low_res_debug.exe
  
  	                   2	C:\Users\jacki\Documents\of\of_v0.12.0_vs_release\libs\fmod\lib\vs\x64\
  	  *EXTRA File 		 6942208	C:\Users\jacki\Documents\GitHub\hydrology-tectonics.js\open_frameworks_mars_sims\general_low_res\general_low_res\bin\FreeImage.dll
  
  	                   1	C:\Users\jacki\Documents\of\of_v0.12.0_vs_release\libs\FreeImage\lib\vs\x64\
  	  *EXTRA File 		 1826304	C:\Users\jacki\Documents\GitHub\hydrology-tectonics.js\open_frameworks_mars_sims\general_low_res\general_low_res\bin\fmod.dll
  	  *EXTRA File 		 2041856	C:\Users\jacki\Documents\GitHub\hydrology-tectonics.js\open_frameworks_mars_sims\general_low_res\general_low_res\bin\fmodL.dll
